Using pre-set license
Built from '2022.3/release' branch; Version is '2022.3.5f1 (9674261d40ee) revision 9860134'; Using compiler version '192829333'; Build Type 'Release'
OS: 'Windows 10  (10.0.19045) 64bit Professional' Language: 'en' Physical Memory: 32669 MB
BatchMode: 1, IsHumanControllingUs: 0, StartBugReporterOnCrash: 0, Is64bit: 1, IsPro: 1

COMMAND LINE ARGUMENTS:
C:\Program Files\Unity Projects\2022.3.5f1\Editor\Unity.exe
-adb2
-batchMode
-noUpm
-name
AssetImportWorker4
-projectPath
D:/UnityWork/Unity Projects/Gamer-Book
-logFile
Logs/AssetImportWorker4.log
-srvPort
56814
Successfully changed project path to: D:/UnityWork/Unity Projects/Gamer-Book
D:/UnityWork/Unity Projects/Gamer-Book
[UnityMemory] Configuration Parameters - Can be set up in boot.config
    "memorysetup-bucket-allocator-granularity=16"
    "memorysetup-bucket-allocator-bucket-count=8"
    "memorysetup-bucket-allocator-block-size=33554432"
    "memorysetup-bucket-allocator-block-count=8"
    "memorysetup-main-allocator-block-size=16777216"
    "memorysetup-thread-allocator-block-size=16777216"
    "memorysetup-gfx-main-allocator-block-size=16777216"
    "memorysetup-gfx-thread-allocator-block-size=16777216"
    "memorysetup-cache-allocator-block-size=4194304"
    "memorysetup-typetree-allocator-block-size=2097152"
    "memorysetup-profiler-bucket-allocator-granularity=16"
    "memorysetup-profiler-bucket-allocator-bucket-count=8"
    "memorysetup-profiler-bucket-allocator-block-size=33554432"
    "memorysetup-profiler-bucket-allocator-block-count=8"
    "memorysetup-profiler-allocator-block-size=16777216"
    "memorysetup-profiler-editor-allocator-block-size=1048576"
    "memorysetup-temp-allocator-size-main=16777216"
    "memorysetup-job-temp-allocator-block-size=2097152"
    "memorysetup-job-temp-allocator-block-size-background=1048576"
    "memorysetup-job-temp-allocator-reduction-small-platforms=262144"
    "memorysetup-allocator-temp-initial-block-size-main=262144"
    "memorysetup-allocator-temp-initial-block-size-worker=262144"
    "memorysetup-temp-allocator-size-background-worker=32768"
    "memorysetup-temp-allocator-size-job-worker=262144"
    "memorysetup-temp-allocator-size-preload-manager=33554432"
    "memorysetup-temp-allocator-size-nav-mesh-worker=65536"
    "memorysetup-temp-allocator-size-audio-worker=65536"
    "memorysetup-temp-allocator-size-cloud-worker=32768"
    "memorysetup-temp-allocator-size-gi-baking-worker=262144"
    "memorysetup-temp-allocator-size-gfx=262144"
Player connection [17464] Host "[IP] 10.0.0.69 [Port] 0 [Flags] 2 [Guid] 3438335395 [EditorId] 3438335395 [Version] 1048832 [Id] WindowsEditor(7,DESKTOP-TKFQUQ0) [Debug] 1 [PackageName] WindowsEditor [ProjectName] Editor" joined multi-casting on [225.0.0.222:54997]...

Player connection [17464] Host "[IP] 10.0.0.69 [Port] 0 [Flags] 2 [Guid] 3438335395 [EditorId] 3438335395 [Version] 1048832 [Id] WindowsEditor(7,DESKTOP-TKFQUQ0) [Debug] 1 [PackageName] WindowsEditor [ProjectName] Editor" joined alternative multi-casting on [225.0.0.222:34997]...

Refreshing native plugins compatible for Editor in 37.06 ms, found 3 plugins.
Preloading 0 native plugins for Editor in 0.00 ms.
Initialize engine version: 2022.3.5f1 (9674261d40ee)
[Subsystems] Discovering subsystems at path C:/Program Files/Unity Projects/2022.3.5f1/Editor/Data/Resources/UnitySubsystems
[Subsystems] Discovering subsystems at path D:/UnityWork/Unity Projects/Gamer-Book/Assets
GfxDevice: creating device client; threaded=0; jobified=0
Direct3D:
    Version:  Direct3D 11.0 [level 11.1]
    Renderer: AMD Radeon RX 5700 XT (ID=0x731f)
    Vendor:   ATI
    VRAM:     8151 MB
    Driver:   31.0.14057.5006
Initialize mono
Mono path[0] = 'C:/Program Files/Unity Projects/2022.3.5f1/Editor/Data/Managed'
Mono path[1] = 'C:/Program Files/Unity Projects/2022.3.5f1/Editor/Data/MonoBleedingEdge/lib/mono/unityjit-win32'
Mono config path = 'C:/Program Files/Unity Projects/2022.3.5f1/Editor/Data/MonoBleedingEdge/etc'
Using monoOptions --debugger-agent=transport=dt_socket,embedding=1,server=y,suspend=n,address=127.0.0.1:56380
Begin MonoManager ReloadAssembly
Registering precompiled unity dll's ...
Register platform support module: C:/Program Files/Unity Projects/2022.3.5f1/Editor/Data/PlaybackEngines/WindowsStandaloneSupport/UnityEditor.WindowsStandalone.Extensions.dll
Registered in 0.007373 seconds.
- Loaded All Assemblies, in  0.323 seconds
Native extension for WindowsStandalone target not found
Mono: successfully reloaded assembly
- Finished resetting the current domain, in  0.237 seconds
Domain Reload Profiling: 558ms
	BeginReloadAssembly (101ms)
		ExecutionOrderSort (0ms)
		DisableScriptedObjects (0ms)
		BackupInstance (0ms)
		ReleaseScriptingObjects (0ms)
		CreateAndSetChildDomain (1ms)
	RebuildCommonClasses (37ms)
	RebuildNativeTypeToScriptingClass (10ms)
	initialDomainReloadingComplete (54ms)
	LoadAllAssembliesAndSetupDomain (118ms)
		LoadAssemblies (98ms)
		RebuildTransferFunctionScriptingTraits (0ms)
		AnalyzeDomain (112ms)
			TypeCache.Refresh (111ms)
				TypeCache.ScanAssembly (101ms)
			ScanForSourceGeneratedMonoScriptInfo (0ms)
			ResolveRequiredComponents (0ms)
	FinalizeReload (237ms)
		ReleaseScriptCaches (0ms)
		RebuildScriptCaches (0ms)
		SetupLoadedEditorAssemblies (182ms)
			LogAssemblyErrors (0ms)
			InitializePlatformSupportModulesInManaged (9ms)
			SetLoadedEditorAssemblies (8ms)
			RefreshPlugins (0ms)
			BeforeProcessingInitializeOnLoad (2ms)
			ProcessInitializeOnLoadAttributes (122ms)
			ProcessInitializeOnLoadMethodAttributes (41ms)
			AfterProcessingInitializeOnLoad (0ms)
			EditorAssembliesLoaded (0ms)
		ExecutionOrderSort2 (0ms)
		AwakeInstancesAfterBackupRestoration (0ms)
========================================================================
Worker process is ready to serve import requests
Begin MonoManager ReloadAssembly
Symbol file LoadedFromMemory doesn't match image D:\UnityWork\Unity Projects\Gamer-Book\Library\PackageCache\com.unity.visualscripting@1.8.0\Editor\VisualScripting.Core\Dependencies\YamlDotNet\Unity.VisualScripting.YamlDotNet.dll
Symbol file LoadedFromMemory doesn't match image D:\UnityWork\Unity Projects\Gamer-Book\Library\PackageCache\com.unity.visualscripting@1.8.0\Editor\VisualScripting.Core\Dependencies\DotNetZip\Unity.VisualScripting.IonicZip.dll
Symbol file LoadedFromMemory is not a mono symbol file
- Loaded All Assemblies, in  0.735 seconds
Refreshing native plugins compatible for Editor in 8.22 ms, found 3 plugins.
Native extension for WindowsStandalone target not found
System.Reflection.TargetException: Non-static method requires a target.
  at System.Reflection.RuntimeMethodInfo.Invoke (System.Object obj, System.Reflection.BindingFlags invokeAttr, System.Reflection.Binder binder, System.Object[] parameters, System.Globalization.CultureInfo culture) [0x00019] in <eef08f56e2e042f1b3027eca477293d9>:0 
  at System.Reflection.MethodBase.Invoke (System.Object obj, System.Object[] parameters) [0x00000] in <eef08f56e2e042f1b3027eca477293d9>:0 
  at UnityEditor.EditorAssemblies.ProcessInitializeOnLoadMethodAttributes () [0x000a5] in <bf6080dbf0564cf1b405dfd6e0dac725>:0 
UnityEngine.StackTraceUtility:ExtractStackTrace ()
UnityEngine.DebugLogHandler:LogFormat (UnityEngine.LogType,UnityEngine.Object,string,object[])
UnityEngine.Logger:Log (UnityEngine.LogType,object)
UnityEngine.Debug:LogError (object)
UnityEditor.EditorAssemblies:ProcessInitializeOnLoadMethodAttributes ()

Mono: successfully reloaded assembly
- Finished resetting the current domain, in  0.772 seconds
Domain Reload Profiling: 1505ms
	BeginReloadAssembly (117ms)
		ExecutionOrderSort (0ms)
		DisableScriptedObjects (5ms)
		BackupInstance (0ms)
		ReleaseScriptingObjects (0ms)
		CreateAndSetChildDomain (18ms)
	RebuildCommonClasses (29ms)
	RebuildNativeTypeToScriptingClass (10ms)
	initialDomainReloadingComplete (39ms)
	LoadAllAssembliesAndSetupDomain (538ms)
		LoadAssemblies (318ms)
		RebuildTransferFunctionScriptingTraits (0ms)
		AnalyzeDomain (273ms)
			TypeCache.Refresh (249ms)
				TypeCache.ScanAssembly (236ms)
			ScanForSourceGeneratedMonoScriptInfo (20ms)
			ResolveRequiredComponents (4ms)
	FinalizeReload (773ms)
		ReleaseScriptCaches (0ms)
		RebuildScriptCaches (0ms)
		SetupLoadedEditorAssemblies (641ms)
			LogAssemblyErrors (0ms)
			InitializePlatformSupportModulesInManaged (6ms)
			SetLoadedEditorAssemblies (6ms)
			RefreshPlugins (0ms)
			BeforeProcessingInitializeOnLoad (125ms)
			ProcessInitializeOnLoadAttributes (374ms)
			ProcessInitializeOnLoadMethodAttributes (120ms)
			AfterProcessingInitializeOnLoad (9ms)
			EditorAssembliesLoaded (0ms)
		ExecutionOrderSort2 (0ms)
		AwakeInstancesAfterBackupRestoration (5ms)
Launched and connected shader compiler UnityShaderCompiler.exe after 0.04 seconds
Refreshing native plugins compatible for Editor in 7.57 ms, found 3 plugins.
Preloading 0 native plugins for Editor in 0.00 ms.
Unloading 4277 Unused Serialized files (Serialized files now loaded: 0)
Unloading 71 unused Assets / (147.5 KB). Loaded Objects now: 4723.
Memory consumption went from 155.6 MB to 155.4 MB.
Total: 6.636200 ms (FindLiveObjects: 0.331700 ms CreateObjectMapping: 0.108600 ms MarkObjects: 6.024700 ms  DeleteObjects: 0.170100 ms)

AssetImportParameters requested are different than current active one (requested -> active):
  custom:container-demuxer-ogg: 62fdf1f143b41e24485cea50d1cbac27 -> 
  custom:video-decoder-ogg-theora: a1e56fd34408186e4bbccfd4996cb3dc -> 
  custom:framework-win-MediaFoundation: 216162199b28c13a410421893ffa2e32 -> 
  custom:CustomObjectIndexerAttribute: 756ad292c208cfabdd7b50bc23989ffe -> 
  custom:container-demuxer-webm: 4f35f7cbe854078d1ac9338744f61a02 -> 
  custom:container-muxer-webm: aa71ff27fc2769a1b78a27578f13a17b -> 
  custom:video-decoder-webm-vp8: 9c59270c3fd7afecdb556c50c9e8de78 -> 
  custom:AudioImporter_EditorPlatform: d09bf68614088b80899f8185d706f6e7 -> 
  custom:scripting/monoscript/fileName/PlayNextLevel.cs: 299279e73822b9618e9b3a9ba1572a55 -> 
  custom:video-encoder-webm-vp8: eb34c28f22e8b96e1ab97ce403110664 -> 
  custom:audio-decoder-ogg-vorbis: bf7c407c2cedff20999df2af8eb42d56 -> 
  custom:scripting/monoscript/fileName/hover.cs: 42d92858972f5ee224726362910434e4 -> 
  custom:audio-encoder-webm-vorbis: bf7c407c2cedff20999df2af8eb42d56 -> 
========================================================================
Received Import Request.
  Time since last request: 25830.244944 seconds.
  path: Assets/QuickOutline/Scripts/Outline.cs
  artifactKey: Guid(5fea29bb7c508c244a1f805a5fd3fc4d) Importer(815301076,1909f56bfc062723c751e8b465ee728b)
Start importing Assets/QuickOutline/Scripts/Outline.cs using Guid(5fea29bb7c508c244a1f805a5fd3fc4d) Importer(815301076,1909f56bfc062723c751e8b465ee728b)  -> (artifact id: 'de64c33534e99d50db34c4640988a712') in 0.002141 seconds
Number of updated asset objects reloaded before import = 0
Number of asset objects unloaded after import = 0
========================================================================
Received Import Request.
  Time since last request: 4.613954 seconds.
  path: Assets/QuickOutline/Resources/Materials
  artifactKey: Guid(80ac8e52d3c31a94babd161e86bc6b97) Importer(815301076,1909f56bfc062723c751e8b465ee728b)
Start importing Assets/QuickOutline/Resources/Materials using Guid(80ac8e52d3c31a94babd161e86bc6b97) Importer(815301076,1909f56bfc062723c751e8b465ee728b)  -> (artifact id: '68ee746fac3f9901bc96fba96d68bd21') in 0.000372 seconds
Number of updated asset objects reloaded before import = 0
Number of asset objects unloaded after import = 0
========================================================================
Received Import Request.
  Time since last request: 28.635842 seconds.
  path: Assets/Scenes/mainRoom.unity
  artifactKey: Guid(f58754256cab7a24685bd8b2783f0ed1) Importer(815301076,1909f56bfc062723c751e8b465ee728b)
Start importing Assets/Scenes/mainRoom.unity using Guid(f58754256cab7a24685bd8b2783f0ed1) Importer(815301076,1909f56bfc062723c751e8b465ee728b)  -> (artifact id: '29188b74a664fc3a4e70ae00d7785f49') in 0.000423 seconds
Number of updated asset objects reloaded before import = 0
Number of asset objects unloaded after import = 0
========================================================================
Received Prepare
Begin MonoManager ReloadAssembly
Symbol file LoadedFromMemory doesn't match image D:\UnityWork\Unity Projects\Gamer-Book\Library\PackageCache\com.unity.visualscripting@1.8.0\Editor\VisualScripting.Core\Dependencies\YamlDotNet\Unity.VisualScripting.YamlDotNet.dll
Symbol file LoadedFromMemory doesn't match image D:\UnityWork\Unity Projects\Gamer-Book\Library\PackageCache\com.unity.visualscripting@1.8.0\Editor\VisualScripting.Core\Dependencies\DotNetZip\Unity.VisualScripting.IonicZip.dll
Symbol file LoadedFromMemory is not a mono symbol file
- Loaded All Assemblies, in  0.712 seconds
Refreshing native plugins compatible for Editor in 7.63 ms, found 3 plugins.
Native extension for WindowsStandalone target not found
System.Reflection.TargetException: Non-static method requires a target.
  at System.Reflection.RuntimeMethodInfo.Invoke (System.Object obj, System.Reflection.BindingFlags invokeAttr, System.Reflection.Binder binder, System.Object[] parameters, System.Globalization.CultureInfo culture) [0x00019] in <eef08f56e2e042f1b3027eca477293d9>:0 
  at System.Reflection.MethodBase.Invoke (System.Object obj, System.Object[] parameters) [0x00000] in <eef08f56e2e042f1b3027eca477293d9>:0 
  at UnityEditor.EditorAssemblies.ProcessInitializeOnLoadMethodAttributes () [0x000a5] in <bf6080dbf0564cf1b405dfd6e0dac725>:0 
UnityEngine.StackTraceUtility:ExtractStackTrace ()
UnityEngine.DebugLogHandler:LogFormat (UnityEngine.LogType,UnityEngine.Object,string,object[])
UnityEngine.Logger:Log (UnityEngine.LogType,object)
UnityEngine.Debug:LogError (object)
UnityEditor.EditorAssemblies:ProcessInitializeOnLoadMethodAttributes ()

Mono: successfully reloaded assembly
- Finished resetting the current domain, in  1.289 seconds
Domain Reload Profiling: 1998ms
	BeginReloadAssembly (137ms)
		ExecutionOrderSort (0ms)
		DisableScriptedObjects (4ms)
		BackupInstance (0ms)
		ReleaseScriptingObjects (0ms)
		CreateAndSetChildDomain (40ms)
	RebuildCommonClasses (29ms)
	RebuildNativeTypeToScriptingClass (11ms)
	initialDomainReloadingComplete (29ms)
	LoadAllAssembliesAndSetupDomain (503ms)
		LoadAssemblies (309ms)
		RebuildTransferFunctionScriptingTraits (0ms)
		AnalyzeDomain (247ms)
			TypeCache.Refresh (243ms)
				TypeCache.ScanAssembly (230ms)
			ScanForSourceGeneratedMonoScriptInfo (0ms)
			ResolveRequiredComponents (4ms)
	FinalizeReload (1289ms)
		ReleaseScriptCaches (0ms)
		RebuildScriptCaches (0ms)
		SetupLoadedEditorAssemblies (705ms)
			LogAssemblyErrors (0ms)
			InitializePlatformSupportModulesInManaged (7ms)
			SetLoadedEditorAssemblies (7ms)
			RefreshPlugins (0ms)
			BeforeProcessingInitializeOnLoad (141ms)
			ProcessInitializeOnLoadAttributes (404ms)
			ProcessInitializeOnLoadMethodAttributes (138ms)
			AfterProcessingInitializeOnLoad (8ms)
			EditorAssembliesLoaded (0ms)
		ExecutionOrderSort2 (0ms)
		AwakeInstancesAfterBackupRestoration (6ms)
Refreshing native plugins compatible for Editor in 9.16 ms, found 3 plugins.
Preloading 0 native plugins for Editor in 0.00 ms.
Unloading 4238 Unused Serialized files (Serialized files now loaded: 0)
Unloading 57 unused Assets / (118.5 KB). Loaded Objects now: 4726.
Memory consumption went from 146.7 MB to 146.6 MB.
Total: 6.940300 ms (FindLiveObjects: 0.382300 ms CreateObjectMapping: 0.172100 ms MarkObjects: 6.275900 ms  DeleteObjects: 0.109100 ms)

Prepare: number of updated asset objects reloaded= 0
AssetImportParameters requested are different than current active one (requested -> active):
  custom:container-demuxer-ogg: 62fdf1f143b41e24485cea50d1cbac27 -> 
  custom:video-decoder-ogg-theora: a1e56fd34408186e4bbccfd4996cb3dc -> 
  custom:framework-win-MediaFoundation: 216162199b28c13a410421893ffa2e32 -> 
  custom:CustomObjectIndexerAttribute: 756ad292c208cfabdd7b50bc23989ffe -> 
  custom:container-demuxer-webm: 4f35f7cbe854078d1ac9338744f61a02 -> 
  custom:container-muxer-webm: aa71ff27fc2769a1b78a27578f13a17b -> 
  custom:video-decoder-webm-vp8: 9c59270c3fd7afecdb556c50c9e8de78 -> 
  custom:AudioImporter_EditorPlatform: d09bf68614088b80899f8185d706f6e7 -> 
  custom:scripting/monoscript/fileName/PlayNextLevel.cs: 299279e73822b9618e9b3a9ba1572a55 -> 
  custom:video-encoder-webm-vp8: eb34c28f22e8b96e1ab97ce403110664 -> 
  custom:audio-decoder-ogg-vorbis: bf7c407c2cedff20999df2af8eb42d56 -> 
  custom:scripting/monoscript/fileName/hover.cs: 42d92858972f5ee224726362910434e4 -> 
  custom:audio-encoder-webm-vorbis: bf7c407c2cedff20999df2af8eb42d56 -> 
========================================================================
Received Import Request.
  Time since last request: 106.670983 seconds.
  path: Assets/BookPages/images/Birday.png
  artifactKey: Guid(c3d72008e79246643a9debd24fe320f6) Importer(815301076,1909f56bfc062723c751e8b465ee728b)
Start importing Assets/BookPages/images/Birday.png using Guid(c3d72008e79246643a9debd24fe320f6) Importer(815301076,1909f56bfc062723c751e8b465ee728b)  -> (artifact id: 'd5a6420c6264a87d672110636dc05c12') in 0.061882 seconds
Number of updated asset objects reloaded before import = 0
Number of asset objects unloaded after import = 2
========================================================================
Received Import Request.
  Time since last request: 2.050484 seconds.
  path: Assets/BookPages/images/aimage.png
  artifactKey: Guid(8552d7cddaeb29e44b68c18481823817) Importer(815301076,1909f56bfc062723c751e8b465ee728b)
Start importing Assets/BookPages/images/aimage.png using Guid(8552d7cddaeb29e44b68c18481823817) Importer(815301076,1909f56bfc062723c751e8b465ee728b)  -> (artifact id: '13da39fd87af1bbabe1072f57024987e') in 0.053505 seconds
Number of updated asset objects reloaded before import = 0
Number of asset objects unloaded after import = 3
========================================================================
Received Import Request.
  Time since last request: 28.508123 seconds.
  path: Assets/BookPages/images/aimage.png
  artifactKey: Guid(8552d7cddaeb29e44b68c18481823817) Importer(815301076,1909f56bfc062723c751e8b465ee728b)
Start importing Assets/BookPages/images/aimage.png using Guid(8552d7cddaeb29e44b68c18481823817) Importer(815301076,1909f56bfc062723c751e8b465ee728b)  -> (artifact id: '892b1c0aa2976c6a95b25007988e3704') in 0.021197 seconds
Number of updated asset objects reloaded before import = 0
Number of asset objects unloaded after import = 3
========================================================================
Received Prepare
Begin MonoManager ReloadAssembly
Symbol file LoadedFromMemory doesn't match image D:\UnityWork\Unity Projects\Gamer-Book\Library\PackageCache\com.unity.visualscripting@1.8.0\Editor\VisualScripting.Core\Dependencies\YamlDotNet\Unity.VisualScripting.YamlDotNet.dll
Symbol file LoadedFromMemory doesn't match image D:\UnityWork\Unity Projects\Gamer-Book\Library\PackageCache\com.unity.visualscripting@1.8.0\Editor\VisualScripting.Core\Dependencies\DotNetZip\Unity.VisualScripting.IonicZip.dll
Symbol file LoadedFromMemory is not a mono symbol file
- Loaded All Assemblies, in  0.710 seconds
Refreshing native plugins compatible for Editor in 8.26 ms, found 3 plugins.
Native extension for WindowsStandalone target not found
System.Reflection.TargetException: Non-static method requires a target.
  at System.Reflection.RuntimeMethodInfo.Invoke (System.Object obj, System.Reflection.BindingFlags invokeAttr, System.Reflection.Binder binder, System.Object[] parameters, System.Globalization.CultureInfo culture) [0x00019] in <eef08f56e2e042f1b3027eca477293d9>:0 
  at System.Reflection.MethodBase.Invoke (System.Object obj, System.Object[] parameters) [0x00000] in <eef08f56e2e042f1b3027eca477293d9>:0 
  at UnityEditor.EditorAssemblies.ProcessInitializeOnLoadMethodAttributes () [0x000a5] in <bf6080dbf0564cf1b405dfd6e0dac725>:0 
UnityEngine.StackTraceUtility:ExtractStackTrace ()
UnityEngine.DebugLogHandler:LogFormat (UnityEngine.LogType,UnityEngine.Object,string,object[])
UnityEngine.Logger:Log (UnityEngine.LogType,object)
UnityEngine.Debug:LogError (object)
UnityEditor.EditorAssemblies:ProcessInitializeOnLoadMethodAttributes ()

Mono: successfully reloaded assembly
- Finished resetting the current domain, in  1.216 seconds
Domain Reload Profiling: 1924ms
	BeginReloadAssembly (136ms)
		ExecutionOrderSort (0ms)
		DisableScriptedObjects (4ms)
		BackupInstance (0ms)
		ReleaseScriptingObjects (0ms)
		CreateAndSetChildDomain (38ms)
	RebuildCommonClasses (34ms)
	RebuildNativeTypeToScriptingClass (11ms)
	initialDomainReloadingComplete (30ms)
	LoadAllAssembliesAndSetupDomain (497ms)
		LoadAssemblies (304ms)
		RebuildTransferFunctionScriptingTraits (0ms)
		AnalyzeDomain (252ms)
			TypeCache.Refresh (247ms)
				TypeCache.ScanAssembly (235ms)
			ScanForSourceGeneratedMonoScriptInfo (0ms)
			ResolveRequiredComponents (5ms)
	FinalizeReload (1217ms)
		ReleaseScriptCaches (0ms)
		RebuildScriptCaches (0ms)
		SetupLoadedEditorAssemblies (716ms)
			LogAssemblyErrors (0ms)
			InitializePlatformSupportModulesInManaged (7ms)
			SetLoadedEditorAssemblies (7ms)
			RefreshPlugins (0ms)
			BeforeProcessingInitializeOnLoad (147ms)
			ProcessInitializeOnLoadAttributes (409ms)
			ProcessInitializeOnLoadMethodAttributes (138ms)
			AfterProcessingInitializeOnLoad (9ms)
			EditorAssembliesLoaded (0ms)
		ExecutionOrderSort2 (0ms)
		AwakeInstancesAfterBackupRestoration (6ms)
Refreshing native plugins compatible for Editor in 8.96 ms, found 3 plugins.
Preloading 0 native plugins for Editor in 0.00 ms.
Unloading 4238 Unused Serialized files (Serialized files now loaded: 0)
Unloading 57 unused Assets / (118.5 KB). Loaded Objects now: 4736.
Memory consumption went from 151.2 MB to 151.0 MB.
Total: 7.210100 ms (FindLiveObjects: 0.367600 ms CreateObjectMapping: 0.143300 ms MarkObjects: 6.599800 ms  DeleteObjects: 0.098400 ms)

Prepare: number of updated asset objects reloaded= 0
AssetImportParameters requested are different than current active one (requested -> active):
  custom:container-demuxer-ogg: 62fdf1f143b41e24485cea50d1cbac27 -> 
  custom:video-decoder-ogg-theora: a1e56fd34408186e4bbccfd4996cb3dc -> 
  custom:framework-win-MediaFoundation: 216162199b28c13a410421893ffa2e32 -> 
  custom:CustomObjectIndexerAttribute: 756ad292c208cfabdd7b50bc23989ffe -> 
  custom:container-demuxer-webm: 4f35f7cbe854078d1ac9338744f61a02 -> 
  custom:container-muxer-webm: aa71ff27fc2769a1b78a27578f13a17b -> 
  custom:video-decoder-webm-vp8: 9c59270c3fd7afecdb556c50c9e8de78 -> 
  custom:AudioImporter_EditorPlatform: d09bf68614088b80899f8185d706f6e7 -> 
  custom:scripting/monoscript/fileName/PlayNextLevel.cs: 299279e73822b9618e9b3a9ba1572a55 -> 
  custom:video-encoder-webm-vp8: eb34c28f22e8b96e1ab97ce403110664 -> 
  custom:audio-decoder-ogg-vorbis: bf7c407c2cedff20999df2af8eb42d56 -> 
  custom:scripting/monoscript/fileName/hover.cs: 42d92858972f5ee224726362910434e4 -> 
  custom:audio-encoder-webm-vorbis: bf7c407c2cedff20999df2af8eb42d56 -> 
========================================================================
Received Import Request.
  Time since last request: 21.555413 seconds.
  path: Assets/BookPages/images/aimage.png
  artifactKey: Guid(8552d7cddaeb29e44b68c18481823817) Importer(815301076,1909f56bfc062723c751e8b465ee728b)
Start importing Assets/BookPages/images/aimage.png using Guid(8552d7cddaeb29e44b68c18481823817) Importer(815301076,1909f56bfc062723c751e8b465ee728b)  -> (artifact id: 'c02e9b881bcc79627a6d928072a5ae06') in 0.058879 seconds
Number of updated asset objects reloaded before import = 0
Number of asset objects unloaded after import = 3
========================================================================
Received Import Request.
  Time since last request: 10.587539 seconds.
  path: Assets/BookPages/images/borthday.png
  artifactKey: Guid(499b667fcab542047912811faa291456) Importer(815301076,1909f56bfc062723c751e8b465ee728b)
Start importing Assets/BookPages/images/borthday.png using Guid(499b667fcab542047912811faa291456) Importer(815301076,1909f56bfc062723c751e8b465ee728b)  -> (artifact id: 'bf725732a2ff161f0356dab4b54c0064') in 0.020389 seconds
Number of updated asset objects reloaded before import = 0
Number of asset objects unloaded after import = 2
========================================================================
Received Import Request.
  Time since last request: 10.651103 seconds.
  path: Assets/BookPages/images/borthday.png
  artifactKey: Guid(499b667fcab542047912811faa291456) Importer(815301076,1909f56bfc062723c751e8b465ee728b)
Start importing Assets/BookPages/images/borthday.png using Guid(499b667fcab542047912811faa291456) Importer(815301076,1909f56bfc062723c751e8b465ee728b)  -> (artifact id: '75966043b821381457ca49be4d88645a') in 0.012491 seconds
Number of updated asset objects reloaded before import = 0
Number of asset objects unloaded after import = 2
========================================================================
Received Import Request.
  Time since last request: 50.190399 seconds.
  path: Assets/BookPages/images/aimage.png
  artifactKey: Guid(8552d7cddaeb29e44b68c18481823817) Importer(815301076,1909f56bfc062723c751e8b465ee728b)
Start importing Assets/BookPages/images/aimage.png using Guid(8552d7cddaeb29e44b68c18481823817) Importer(815301076,1909f56bfc062723c751e8b465ee728b)  -> (artifact id: '7d1765e21dec384374adfe8242bf1c54') in 0.021335 seconds
Number of updated asset objects reloaded before import = 0
Number of asset objects unloaded after import = 3
========================================================================
Received Prepare
Begin MonoManager ReloadAssembly
Symbol file LoadedFromMemory doesn't match image D:\UnityWork\Unity Projects\Gamer-Book\Library\PackageCache\com.unity.visualscripting@1.8.0\Editor\VisualScripting.Core\Dependencies\YamlDotNet\Unity.VisualScripting.YamlDotNet.dll
Symbol file LoadedFromMemory doesn't match image D:\UnityWork\Unity Projects\Gamer-Book\Library\PackageCache\com.unity.visualscripting@1.8.0\Editor\VisualScripting.Core\Dependencies\DotNetZip\Unity.VisualScripting.IonicZip.dll
Symbol file LoadedFromMemory is not a mono symbol file
- Loaded All Assemblies, in  0.701 seconds
Refreshing native plugins compatible for Editor in 8.46 ms, found 3 plugins.
Native extension for WindowsStandalone target not found
System.Reflection.TargetException: Non-static method requires a target.
  at System.Reflection.RuntimeMethodInfo.Invoke (System.Object obj, System.Reflection.BindingFlags invokeAttr, System.Reflection.Binder binder, System.Object[] parameters, System.Globalization.CultureInfo culture) [0x00019] in <eef08f56e2e042f1b3027eca477293d9>:0 
  at System.Reflection.MethodBase.Invoke (System.Object obj, System.Object[] parameters) [0x00000] in <eef08f56e2e042f1b3027eca477293d9>:0 
  at UnityEditor.EditorAssemblies.ProcessInitializeOnLoadMethodAttributes () [0x000a5] in <bf6080dbf0564cf1b405dfd6e0dac725>:0 
UnityEngine.StackTraceUtility:ExtractStackTrace ()
UnityEngine.DebugLogHandler:LogFormat (UnityEngine.LogType,UnityEngine.Object,string,object[])
UnityEngine.Logger:Log (UnityEngine.LogType,object)
UnityEngine.Debug:LogError (object)
UnityEditor.EditorAssemblies:ProcessInitializeOnLoadMethodAttributes ()

Mono: successfully reloaded assembly
- Finished resetting the current domain, in  1.213 seconds
Domain Reload Profiling: 1912ms
	BeginReloadAssembly (132ms)
		ExecutionOrderSort (0ms)
		DisableScriptedObjects (5ms)
		BackupInstance (0ms)
		ReleaseScriptingObjects (0ms)
		CreateAndSetChildDomain (39ms)
	RebuildCommonClasses (29ms)
	RebuildNativeTypeToScriptingClass (11ms)
	initialDomainReloadingComplete (29ms)
	LoadAllAssembliesAndSetupDomain (497ms)
		LoadAssemblies (304ms)
		RebuildTransferFunctionScriptingTraits (0ms)
		AnalyzeDomain (247ms)
			TypeCache.Refresh (242ms)
				TypeCache.ScanAssembly (230ms)
			ScanForSourceGeneratedMonoScriptInfo (0ms)
			ResolveRequiredComponents (5ms)
	FinalizeReload (1213ms)
		ReleaseScriptCaches (0ms)
		RebuildScriptCaches (0ms)
		SetupLoadedEditorAssemblies (720ms)
			LogAssemblyErrors (0ms)
			InitializePlatformSupportModulesInManaged (7ms)
			SetLoadedEditorAssemblies (7ms)
			RefreshPlugins (0ms)
			BeforeProcessingInitializeOnLoad (140ms)
			ProcessInitializeOnLoadAttributes (418ms)
			ProcessInitializeOnLoadMethodAttributes (137ms)
			AfterProcessingInitializeOnLoad (10ms)
			EditorAssembliesLoaded (0ms)
		ExecutionOrderSort2 (0ms)
		AwakeInstancesAfterBackupRestoration (6ms)
Refreshing native plugins compatible for Editor in 9.29 ms, found 3 plugins.
Preloading 0 native plugins for Editor in 0.00 ms.
Unloading 4238 Unused Serialized files (Serialized files now loaded: 0)
Unloading 57 unused Assets / (118.7 KB). Loaded Objects now: 4740.
Memory consumption went from 151.2 MB to 151.0 MB.
Total: 7.042600 ms (FindLiveObjects: 0.365600 ms CreateObjectMapping: 0.110800 ms MarkObjects: 6.461700 ms  DeleteObjects: 0.103600 ms)

Prepare: number of updated asset objects reloaded= 0
AssetImportParameters requested are different than current active one (requested -> active):
  custom:container-demuxer-ogg: 62fdf1f143b41e24485cea50d1cbac27 -> 
  custom:video-decoder-ogg-theora: a1e56fd34408186e4bbccfd4996cb3dc -> 
  custom:framework-win-MediaFoundation: 216162199b28c13a410421893ffa2e32 -> 
  custom:CustomObjectIndexerAttribute: 756ad292c208cfabdd7b50bc23989ffe -> 
  custom:container-demuxer-webm: 4f35f7cbe854078d1ac9338744f61a02 -> 
  custom:container-muxer-webm: aa71ff27fc2769a1b78a27578f13a17b -> 
  custom:video-decoder-webm-vp8: 9c59270c3fd7afecdb556c50c9e8de78 -> 
  custom:AudioImporter_EditorPlatform: d09bf68614088b80899f8185d706f6e7 -> 
  custom:scripting/monoscript/fileName/PlayNextLevel.cs: 299279e73822b9618e9b3a9ba1572a55 -> 
  custom:video-encoder-webm-vp8: eb34c28f22e8b96e1ab97ce403110664 -> 
  custom:audio-decoder-ogg-vorbis: bf7c407c2cedff20999df2af8eb42d56 -> 
  custom:scripting/monoscript/fileName/hover.cs: 42d92858972f5ee224726362910434e4 -> 
  custom:audio-encoder-webm-vorbis: bf7c407c2cedff20999df2af8eb42d56 -> 
========================================================================
Received Import Request.
  Time since last request: 66.352172 seconds.
  path: Assets/EndlessBook/Documentation
  artifactKey: Guid(db053bde168a62d4190c22d1b3689358) Importer(815301076,1909f56bfc062723c751e8b465ee728b)
Start importing Assets/EndlessBook/Documentation using Guid(db053bde168a62d4190c22d1b3689358) Importer(815301076,1909f56bfc062723c751e8b465ee728b)  -> (artifact id: 'f4fcbdfc97cd7ef456042174c93956a6') in 0.001601 seconds
Number of updated asset objects reloaded before import = 0
Number of asset objects unloaded after import = 0
========================================================================
Received Import Request.
  Time since last request: 0.985583 seconds.
  path: Assets/EndlessBook/Documentation/EndlessBook_QuickStart.pdf
  artifactKey: Guid(6e3b1596f941d074f89d05bd5527b34b) Importer(815301076,1909f56bfc062723c751e8b465ee728b)
Start importing Assets/EndlessBook/Documentation/EndlessBook_QuickStart.pdf using Guid(6e3b1596f941d074f89d05bd5527b34b) Importer(815301076,1909f56bfc062723c751e8b465ee728b)  -> (artifact id: 'e7bd7cd238368d49361e01b1478bac86') in 0.007253 seconds
Number of updated asset objects reloaded before import = 0
Number of asset objects unloaded after import = 1
========================================================================
Received Import Request.
  Time since last request: 1.285956 seconds.
  path: Assets/EndlessBook/Documentation/EndlessBook_UserManual.pdf
  artifactKey: Guid(7fa31857c2bc8604aa3aa6f5ee891434) Importer(815301076,1909f56bfc062723c751e8b465ee728b)
Start importing Assets/EndlessBook/Documentation/EndlessBook_UserManual.pdf using Guid(7fa31857c2bc8604aa3aa6f5ee891434) Importer(815301076,1909f56bfc062723c751e8b465ee728b)  -> (artifact id: 'c76539a8f22533af6041d67fb057ab82') in 0.000724 seconds
Number of updated asset objects reloaded before import = 0
Number of asset objects unloaded after import = 1
========================================================================
Received Import Request.
  Time since last request: 599.500646 seconds.
  path: Assets/dizziecake
  artifactKey: Guid(7cfe46c4fc5ce4a40b7f25aa11b5c38b) Importer(815301076,1909f56bfc062723c751e8b465ee728b)
Start importing Assets/dizziecake using Guid(7cfe46c4fc5ce4a40b7f25aa11b5c38b) Importer(815301076,1909f56bfc062723c751e8b465ee728b)  -> (artifact id: '6369491156fa9791cafdde1e2bea010d') in 0.000436 seconds
Number of updated asset objects reloaded before import = 0
Number of asset objects unloaded after import = 0
========================================================================
Received Import Request.
  Time since last request: 7.142852 seconds.
  path: Assets/BookPages/images
  artifactKey: Guid(7646ce9997fc8f844865ba38704f10ac) Importer(815301076,1909f56bfc062723c751e8b465ee728b)
Start importing Assets/BookPages/images using Guid(7646ce9997fc8f844865ba38704f10ac) Importer(815301076,1909f56bfc062723c751e8b465ee728b)  -> (artifact id: 'f40c4aa5da6327b85ed4904b89b24847') in 0.000418 seconds
Number of updated asset objects reloaded before import = 0
Number of asset objects unloaded after import = 0
========================================================================
Received Import Request.
  Time since last request: 6.230281 seconds.
  path: Assets/BookPages/images/messages
  artifactKey: Guid(cb8ceaf3f00328f4d8508de1aeda9c95) Importer(815301076,1909f56bfc062723c751e8b465ee728b)
Start importing Assets/BookPages/images/messages using Guid(cb8ceaf3f00328f4d8508de1aeda9c95) Importer(815301076,1909f56bfc062723c751e8b465ee728b)  -> (artifact id: 'd4e9d61052ce2adb1a5fb8c8acc95313') in 0.000454 seconds
Number of updated asset objects reloaded before import = 0
Number of asset objects unloaded after import = 0
========================================================================
Received Import Request.
  Time since last request: 2.726077 seconds.
  path: Assets/BookPages/images/messages/01teki_Message.png
  artifactKey: Guid(12fc1fbfea951bc4d9cc9716b7a7a89a) Importer(815301076,1909f56bfc062723c751e8b465ee728b)
Start importing Assets/BookPages/images/messages/01teki_Message.png using Guid(12fc1fbfea951bc4d9cc9716b7a7a89a) Importer(815301076,1909f56bfc062723c751e8b465ee728b)  -> (artifact id: 'fac1a1769a3650e5444c2a09b8844aa7') in 0.039993 seconds
Number of updated asset objects reloaded before import = 0
Number of asset objects unloaded after import = 2
========================================================================
Received Import Request.
  Time since last request: 27.882235 seconds.
  path: Assets/BookPages/images/messages/02Aozora_message.png
  artifactKey: Guid(a9daed5268b7f924daa140137f04b410) Importer(815301076,1909f56bfc062723c751e8b465ee728b)
Start importing Assets/BookPages/images/messages/02Aozora_message.png using Guid(a9daed5268b7f924daa140137f04b410) Importer(815301076,1909f56bfc062723c751e8b465ee728b)  -> (artifact id: '8eb326bc4c3e48172d5e6bed6fcda09d') in 0.024278 seconds
Number of updated asset objects reloaded before import = 0
Number of asset objects unloaded after import = 2
========================================================================
Received Import Request.
  Time since last request: 0.001625 seconds.
  path: Assets/BookPages/images/messages/07IlyaevMessage.png
  artifactKey: Guid(7a63a619d25276244a79e130c25ede80) Importer(815301076,1909f56bfc062723c751e8b465ee728b)
Start importing Assets/BookPages/images/messages/07IlyaevMessage.png using Guid(7a63a619d25276244a79e130c25ede80) Importer(815301076,1909f56bfc062723c751e8b465ee728b)  -> (artifact id: '1a66cbc275977db880edcc8759da87c3') in 0.022752 seconds
Number of updated asset objects reloaded before import = 0
Number of asset objects unloaded after import = 2
========================================================================
Received Import Request.
  Time since last request: 0.000183 seconds.
  path: Assets/BookPages/images/messages/08WeissMessage.png
  artifactKey: Guid(6e83f4636adaf384695a08bc5f9a6c5e) Importer(815301076,1909f56bfc062723c751e8b465ee728b)
Start importing Assets/BookPages/images/messages/08WeissMessage.png using Guid(6e83f4636adaf384695a08bc5f9a6c5e) Importer(815301076,1909f56bfc062723c751e8b465ee728b)  -> (artifact id: 'e49a7e9a21d1adc47d16f90f01935992') in 0.021418 seconds
Number of updated asset objects reloaded before import = 0
Number of asset objects unloaded after import = 2
========================================================================
Received Import Request.
  Time since last request: 0.000022 seconds.
  path: Assets/BookPages/images/messages/05LibbyMessage.png
  artifactKey: Guid(d0b69653eb351784c9c2561c099e5b29) Importer(815301076,1909f56bfc062723c751e8b465ee728b)
Start importing Assets/BookPages/images/messages/05LibbyMessage.png using Guid(d0b69653eb351784c9c2561c099e5b29) Importer(815301076,1909f56bfc062723c751e8b465ee728b)  -> (artifact id: '5a6f0fd6c37d24efb9b7b28900d9b370') in 0.021998 seconds
Number of updated asset objects reloaded before import = 0
Number of asset objects unloaded after import = 2
========================================================================
Received Import Request.
  Time since last request: 0.000021 seconds.
  path: Assets/BookPages/images/messages/06LDizziMessage.png
  artifactKey: Guid(f18a0d9241c69d844b09ac12ca06191a) Importer(815301076,1909f56bfc062723c751e8b465ee728b)
Start importing Assets/BookPages/images/messages/06LDizziMessage.png using Guid(f18a0d9241c69d844b09ac12ca06191a) Importer(815301076,1909f56bfc062723c751e8b465ee728b)  -> (artifact id: 'b62cf2badbeccd0257222635c1ea121d') in 0.022045 seconds
Number of updated asset objects reloaded before import = 0
Number of asset objects unloaded after import = 2
========================================================================
Received Import Request.
  Time since last request: 20.740937 seconds.
  path: Assets/SuperRealisticDiamondShaders/Material/FloorReflection.mat
  artifactKey: Guid(071acede0e4fc4747a60d8f16bc19f66) Importer(815301076,1909f56bfc062723c751e8b465ee728b)
Start importing Assets/SuperRealisticDiamondShaders/Material/FloorReflection.mat using Guid(071acede0e4fc4747a60d8f16bc19f66) Importer(815301076,1909f56bfc062723c751e8b465ee728b)  -> (artifact id: '0211172c067fa670c0efcbef060cffb2') in 0.148679 seconds
Number of updated asset objects reloaded before import = 0
Number of asset objects unloaded after import = 6
========================================================================
Received Import Request.
  Time since last request: 0.000027 seconds.
  path: Assets/EndlessBook/Demos/Demo 02/Materials/Main Book/PageFiller.mat
  artifactKey: Guid(994cb9cc3369e7046a93b91ab44ddfbb) Importer(815301076,1909f56bfc062723c751e8b465ee728b)
Start importing Assets/EndlessBook/Demos/Demo 02/Materials/Main Book/PageFiller.mat using Guid(994cb9cc3369e7046a93b91ab44ddfbb) Importer(815301076,1909f56bfc062723c751e8b465ee728b)  -> (artifact id: '3d92a135503217eaa03e7e03f7650045') in 0.019634 seconds
Number of updated asset objects reloaded before import = 0
Number of asset objects unloaded after import = 2
========================================================================
Received Import Request.
  Time since last request: 0.000031 seconds.
  path: Assets/EndlessBook/Demos/Demo 02/Materials/Main Book/Page_18.mat
  artifactKey: Guid(ee16e546f4f231c42b332896af011f9b) Importer(815301076,1909f56bfc062723c751e8b465ee728b)
Start importing Assets/EndlessBook/Demos/Demo 02/Materials/Main Book/Page_18.mat using Guid(ee16e546f4f231c42b332896af011f9b) Importer(815301076,1909f56bfc062723c751e8b465ee728b)  -> (artifact id: '655d7073707065bfa65dd473d01164ce') in 0.019480 seconds
Number of updated asset objects reloaded before import = 0
Number of asset objects unloaded after import = 2
========================================================================
Received Import Request.
  Time since last request: 0.000015 seconds.
  path: Assets/HolographicCard/TextMesh Pro/Resources/Fonts & Materials/LiberationSans SDF - Fallback.asset
  artifactKey: Guid(2e498d1c8094910479dc3e1b768306a4) Importer(815301076,1909f56bfc062723c751e8b465ee728b)
Start importing Assets/HolographicCard/TextMesh Pro/Resources/Fonts & Materials/LiberationSans SDF - Fallback.asset using Guid(2e498d1c8094910479dc3e1b768306a4) Importer(815301076,1909f56bfc062723c751e8b465ee728b)  -> (artifact id: '908e9acc4c46782a93168f0bbb68f7ea') in 0.043387 seconds
Number of updated asset objects reloaded before import = 0
Number of asset objects unloaded after import = 6
========================================================================
Received Import Request.
  Time since last request: 0.000024 seconds.
  path: Assets/EndlessBook/Demos/Demo 02/Materials/PageViews/PageBackground.L.mat
  artifactKey: Guid(e279050a4198feb4296155ad3e83b2a6) Importer(815301076,1909f56bfc062723c751e8b465ee728b)
Start importing Assets/EndlessBook/Demos/Demo 02/Materials/PageViews/PageBackground.L.mat using Guid(e279050a4198feb4296155ad3e83b2a6) Importer(815301076,1909f56bfc062723c751e8b465ee728b)  -> (artifact id: '15e7a24e291ff33783e608a30b95d7e6') in 0.017034 seconds
Number of updated asset objects reloaded before import = 0
Number of asset objects unloaded after import = 2
========================================================================
Received Import Request.
  Time since last request: 0.000014 seconds.
  path: Assets/HolographicCard/TextMesh Pro/Resources/Fonts & Materials/LiberationSans SDF.asset
  artifactKey: Guid(8f586378b4e144a9851e7b34d9b748ee) Importer(815301076,1909f56bfc062723c751e8b465ee728b)
Start importing Assets/HolographicCard/TextMesh Pro/Resources/Fonts & Materials/LiberationSans SDF.asset using Guid(8f586378b4e144a9851e7b34d9b748ee) Importer(815301076,1909f56bfc062723c751e8b465ee728b)  -> (artifact id: 'e88668a4f22f5d64854039ebc7e05788') in 0.045171 seconds
Number of updated asset objects reloaded before import = 0
Number of asset objects unloaded after import = 9
========================================================================
Received Import Request.
  Time since last request: 0.000024 seconds.
  path: Assets/HolographicCard/Fonts/JosefinSans-Bold SDF.asset
  artifactKey: Guid(0f38fcb165567eba684594610d6c498e) Importer(815301076,1909f56bfc062723c751e8b465ee728b)
Start importing Assets/HolographicCard/Fonts/JosefinSans-Bold SDF.asset using Guid(0f38fcb165567eba684594610d6c498e) Importer(815301076,1909f56bfc062723c751e8b465ee728b)  -> (artifact id: '56ece03b5e057dbcf34798d8b0c32bb5') in 0.044129 seconds
Number of updated asset objects reloaded before import = 0
Number of asset objects unloaded after import = 6
========================================================================
Received Import Request.
  Time since last request: 0.000017 seconds.
  path: Assets/EndlessBook/Demos/Demo 02/Materials/Main Book/Page_10.mat
  artifactKey: Guid(3b09fc0cbd7bd7a4cb97bc85391d479d) Importer(815301076,1909f56bfc062723c751e8b465ee728b)
Start importing Assets/EndlessBook/Demos/Demo 02/Materials/Main Book/Page_10.mat using Guid(3b09fc0cbd7bd7a4cb97bc85391d479d) Importer(815301076,1909f56bfc062723c751e8b465ee728b)  -> (artifact id: '6301fcaa1bb4c7bd047c8ee1241cccc7') in 0.015726 seconds
Number of updated asset objects reloaded before import = 0
Number of asset objects unloaded after import = 2
========================================================================
Received Import Request.
  Time since last request: 0.000016 seconds.
  path: Assets/EndlessBook/Demos/Demo 02/Materials/Main Book/Page_12.mat
  artifactKey: Guid(bfd7187817660c0488785ec9aa425aef) Importer(815301076,1909f56bfc062723c751e8b465ee728b)
Start importing Assets/EndlessBook/Demos/Demo 02/Materials/Main Book/Page_12.mat using Guid(bfd7187817660c0488785ec9aa425aef) Importer(815301076,1909f56bfc062723c751e8b465ee728b)  -> (artifact id: 'c118ea6b9f3d5cd5fb409bc6e0b9fca3') in 0.014292 seconds
Number of updated asset objects reloaded before import = 0
Number of asset objects unloaded after import = 2
========================================================================
Received Import Request.
  Time since last request: 0.000019 seconds.
  path: Assets/EndlessBook/Demos/Demo 02/Materials/Main Book/Page_13.mat
  artifactKey: Guid(4228a7cd3655aca4cba2a0cb1a7a605d) Importer(815301076,1909f56bfc062723c751e8b465ee728b)
Start importing Assets/EndlessBook/Demos/Demo 02/Materials/Main Book/Page_13.mat using Guid(4228a7cd3655aca4cba2a0cb1a7a605d) Importer(815301076,1909f56bfc062723c751e8b465ee728b)  -> (artifact id: 'd53bbdafbb33b7c05d52c516b7081c59') in 0.019601 seconds
Number of updated asset objects reloaded before import = 0
Number of asset objects unloaded after import = 2
========================================================================
Received Import Request.
  Time since last request: 0.000033 seconds.
  path: Assets/HolographicCard/TextMesh Pro/Fonts/LiberationSans.ttf
  artifactKey: Guid(e3265ab4bf004d28a9537516768c1c75) Importer(815301076,1909f56bfc062723c751e8b465ee728b)
Start importing Assets/HolographicCard/TextMesh Pro/Fonts/LiberationSans.ttf using Guid(e3265ab4bf004d28a9537516768c1c75) Importer(815301076,1909f56bfc062723c751e8b465ee728b)  -> (artifact id: '868ae7279cb8681e901fb13a12c8cb7e') in 0.012960 seconds
Number of updated asset objects reloaded before import = 0
Number of asset objects unloaded after import = 4
========================================================================
Received Import Request.
  Time since last request: 0.000023 seconds.
  path: Assets/HolographicCard/Fonts/Johnston ITC Std Medium SDF.asset
  artifactKey: Guid(c43a47224c2c6c8408e5640dd0525c4f) Importer(815301076,1909f56bfc062723c751e8b465ee728b)
Start importing Assets/HolographicCard/Fonts/Johnston ITC Std Medium SDF.asset using Guid(c43a47224c2c6c8408e5640dd0525c4f) Importer(815301076,1909f56bfc062723c751e8b465ee728b)  -> (artifact id: '387e71be5f9b9f0aa7f54588c3385742') in 0.034291 seconds
Number of updated asset objects reloaded before import = 0
Number of asset objects unloaded after import = 6
========================================================================
Received Import Request.
  Time since last request: 12.994818 seconds.
  path: Assets/SuperRealisticDiamondShaders/Material/DiamondRing Low.mat
  artifactKey: Guid(b2317a53f59497645abff7b8fec3e84e) Importer(815301076,1909f56bfc062723c751e8b465ee728b)
Start importing Assets/SuperRealisticDiamondShaders/Material/DiamondRing Low.mat using Guid(b2317a53f59497645abff7b8fec3e84e) Importer(815301076,1909f56bfc062723c751e8b465ee728b)  -> (artifact id: '53f9033b2d0f3bb8425816095ebacaad') in 0.245400 seconds
Number of updated asset objects reloaded before import = 0
Number of asset objects unloaded after import = 3
========================================================================
Received Import Request.
  Time since last request: 0.000030 seconds.
  path: Assets/HolographicCard/Materials/BaseCard/BasePlanetarium.mat
  artifactKey: Guid(a48c288e684843ec180422c27adaf32a) Importer(815301076,1909f56bfc062723c751e8b465ee728b)
Start importing Assets/HolographicCard/Materials/BaseCard/BasePlanetarium.mat using Guid(a48c288e684843ec180422c27adaf32a) Importer(815301076,1909f56bfc062723c751e8b465ee728b)  -> (artifact id: 'bb021b774ead46d9bad1a6a28ed82394') in 0.008915 seconds
Number of updated asset objects reloaded before import = 0
Number of asset objects unloaded after import = 3
========================================================================
Received Import Request.
  Time since last request: 0.000025 seconds.
  path: Assets/SuperRealisticDiamondShaders/Material/AsscherCutDiamond.mat
  artifactKey: Guid(9911fff813ea9bd4fa07309d9df7036a) Importer(815301076,1909f56bfc062723c751e8b465ee728b)
Start importing Assets/SuperRealisticDiamondShaders/Material/AsscherCutDiamond.mat using Guid(9911fff813ea9bd4fa07309d9df7036a) Importer(815301076,1909f56bfc062723c751e8b465ee728b)  -> (artifact id: '38c64ff51ab0ffd17ed95046af5abba5') in 0.045048 seconds
Number of updated asset objects reloaded before import = 0
Number of asset objects unloaded after import = 6
========================================================================
Received Prepare
Begin MonoManager ReloadAssembly
Symbol file LoadedFromMemory doesn't match image D:\UnityWork\Unity Projects\Gamer-Book\Library\PackageCache\com.unity.visualscripting@1.8.0\Editor\VisualScripting.Core\Dependencies\YamlDotNet\Unity.VisualScripting.YamlDotNet.dll
Symbol file LoadedFromMemory doesn't match image D:\UnityWork\Unity Projects\Gamer-Book\Library\PackageCache\com.unity.visualscripting@1.8.0\Editor\VisualScripting.Core\Dependencies\DotNetZip\Unity.VisualScripting.IonicZip.dll
Symbol file LoadedFromMemory is not a mono symbol file
- Loaded All Assemblies, in  0.746 seconds
Refreshing native plugins compatible for Editor in 9.00 ms, found 3 plugins.
Native extension for WindowsStandalone target not found
System.Reflection.TargetException: Non-static method requires a target.
  at System.Reflection.RuntimeMethodInfo.Invoke (System.Object obj, System.Reflection.BindingFlags invokeAttr, System.Reflection.Binder binder, System.Object[] parameters, System.Globalization.CultureInfo culture) [0x00019] in <eef08f56e2e042f1b3027eca477293d9>:0 
  at System.Reflection.MethodBase.Invoke (System.Object obj, System.Object[] parameters) [0x00000] in <eef08f56e2e042f1b3027eca477293d9>:0 
  at UnityEditor.EditorAssemblies.ProcessInitializeOnLoadMethodAttributes () [0x000a5] in <bf6080dbf0564cf1b405dfd6e0dac725>:0 
UnityEngine.StackTraceUtility:ExtractStackTrace ()
UnityEngine.DebugLogHandler:LogFormat (UnityEngine.LogType,UnityEngine.Object,string,object[])
UnityEngine.Logger:Log (UnityEngine.LogType,object)
UnityEngine.Debug:LogError (object)
UnityEditor.EditorAssemblies:ProcessInitializeOnLoadMethodAttributes ()

Mono: successfully reloaded assembly
- Finished resetting the current domain, in  1.319 seconds
Domain Reload Profiling: 2063ms
	BeginReloadAssembly (147ms)
		ExecutionOrderSort (0ms)
		DisableScriptedObjects (4ms)
		BackupInstance (0ms)
		ReleaseScriptingObjects (0ms)
		CreateAndSetChildDomain (45ms)
	RebuildCommonClasses (31ms)
	RebuildNativeTypeToScriptingClass (16ms)
	initialDomainReloadingComplete (30ms)
	LoadAllAssembliesAndSetupDomain (520ms)
		LoadAssemblies (332ms)
		RebuildTransferFunctionScriptingTraits (0ms)
		AnalyzeDomain (249ms)
			TypeCache.Refresh (244ms)
				TypeCache.ScanAssembly (231ms)
			ScanForSourceGeneratedMonoScriptInfo (0ms)
			ResolveRequiredComponents (5ms)
	FinalizeReload (1320ms)
		ReleaseScriptCaches (0ms)
		RebuildScriptCaches (0ms)
		SetupLoadedEditorAssemblies (732ms)
			LogAssemblyErrors (0ms)
			InitializePlatformSupportModulesInManaged (7ms)
			SetLoadedEditorAssemblies (7ms)
			RefreshPlugins (0ms)
			BeforeProcessingInitializeOnLoad (144ms)
			ProcessInitializeOnLoadAttributes (416ms)
			ProcessInitializeOnLoadMethodAttributes (147ms)
			AfterProcessingInitializeOnLoad (10ms)
			EditorAssembliesLoaded (0ms)
		ExecutionOrderSort2 (0ms)
		AwakeInstancesAfterBackupRestoration (6ms)
Refreshing native plugins compatible for Editor in 8.47 ms, found 3 plugins.
Preloading 0 native plugins for Editor in 0.00 ms.
Unloading 4238 Unused Serialized files (Serialized files now loaded: 0)
Unloading 58 unused Assets / (119.9 KB). Loaded Objects now: 4785.
Memory consumption went from 151.6 MB to 151.5 MB.
Total: 6.885600 ms (FindLiveObjects: 0.351300 ms CreateObjectMapping: 0.109900 ms MarkObjects: 6.318300 ms  DeleteObjects: 0.105100 ms)

Prepare: number of updated asset objects reloaded= 0
AssetImportParameters requested are different than current active one (requested -> active):
  custom:container-demuxer-ogg: 62fdf1f143b41e24485cea50d1cbac27 -> 
  custom:video-decoder-ogg-theora: a1e56fd34408186e4bbccfd4996cb3dc -> 
  custom:framework-win-MediaFoundation: 216162199b28c13a410421893ffa2e32 -> 
  custom:CustomObjectIndexerAttribute: 756ad292c208cfabdd7b50bc23989ffe -> 
  custom:container-demuxer-webm: 4f35f7cbe854078d1ac9338744f61a02 -> 
  custom:container-muxer-webm: aa71ff27fc2769a1b78a27578f13a17b -> 
  custom:video-decoder-webm-vp8: 9c59270c3fd7afecdb556c50c9e8de78 -> 
  custom:AudioImporter_EditorPlatform: d09bf68614088b80899f8185d706f6e7 -> 
  custom:scripting/monoscript/fileName/PlayNextLevel.cs: 299279e73822b9618e9b3a9ba1572a55 -> 
  custom:video-encoder-webm-vp8: eb34c28f22e8b96e1ab97ce403110664 -> 
  custom:audio-decoder-ogg-vorbis: bf7c407c2cedff20999df2af8eb42d56 -> 
  custom:scripting/monoscript/fileName/hover.cs: 42d92858972f5ee224726362910434e4 -> 
  custom:audio-encoder-webm-vorbis: bf7c407c2cedff20999df2af8eb42d56 -> 
Editor requested this worker to shutdown with reason: Scaling down because of idle timeout
TcpMessagingSession - receive error: operation aborted. errorcode: 995, details: The I/O operation has been aborted because of either a thread exit or an application request.
AssetImportWorker is now disconnected from the server
Process exiting
Exiting without the bug reporter. Application will terminate with return code 0